[debug] [2024-07-08T04:32:03.477Z] ----------------------------------------------------------------------
[debug] [2024-07-08T04:32:03.482Z] Command:       C:\Program Files\nodejs\node.exe C:\Users\DigitalpersonasR\AppData\Roaming\npm\node_modules\firebase-tools\lib\bin\firebase.js init
[debug] [2024-07-08T04:32:03.483Z] CLI Version:   13.13.0
[debug] [2024-07-08T04:32:03.483Z] Platform:      win32
[debug] [2024-07-08T04:32:03.483Z] Node Version:  v20.15.0
[debug] [2024-07-08T04:32:03.484Z] Time:          Mon Jul 08 2024 10:02:03 GMT+0530 (India Standard Time)
[debug] [2024-07-08T04:32:03.484Z] ----------------------------------------------------------------------
[debug] 
[debug] [2024-07-08T04:32:03.500Z] > command requires scopes: ["email","openid","https://www.googleapis.com/auth/cloudplatformprojects.readonly","https://www.googleapis.com/auth/firebase","https://www.googleapis.com/auth/cloud-platform"]
[debug] [2024-07-08T04:32:03.500Z] > authorizing via signed-in user (rakeshgnanendra@gmail.com)
[info] 
     ######## #### ########  ######## ########     ###     ######  ########
     ##        ##  ##     ## ##       ##     ##  ##   ##  ##       ##
     ######    ##  ########  ######   ########  #########  ######  ######
     ##        ##  ##    ##  ##       ##     ## ##     ##       ## ##
     ##       #### ##     ## ######## ########  ##     ##  ######  ########

You're about to initialize a Firebase project in this directory:

  C:\Users\DigitalpersonasR\Downloads\stay-booker-hotel-booking-react-frontend-master\stay-booker-hotel-booking-react-frontend-master

[debug] [2024-07-08T04:32:24.279Z] ----------------------------------------------------------------------
[debug] [2024-07-08T04:32:24.284Z] Command:       C:\Program Files\nodejs\node.exe C:\Users\DigitalpersonasR\AppData\Roaming\npm\node_modules\firebase-tools\lib\bin\firebase.js init
[debug] [2024-07-08T04:32:24.285Z] CLI Version:   13.13.0
[debug] [2024-07-08T04:32:24.285Z] Platform:      win32
[debug] [2024-07-08T04:32:24.286Z] Node Version:  v20.15.0
[debug] [2024-07-08T04:32:24.286Z] Time:          Mon Jul 08 2024 10:02:24 GMT+0530 (India Standard Time)
[debug] [2024-07-08T04:32:24.286Z] ----------------------------------------------------------------------
[debug] 
[debug] [2024-07-08T04:32:24.303Z] > command requires scopes: ["email","openid","https://www.googleapis.com/auth/cloudplatformprojects.readonly","https://www.googleapis.com/auth/firebase","https://www.googleapis.com/auth/cloud-platform"]
[debug] [2024-07-08T04:32:24.304Z] > authorizing via signed-in user (rakeshgnanendra@gmail.com)
[info] 
     ######## #### ########  ######## ########     ###     ######  ########
     ##        ##  ##     ## ##       ##     ##  ##   ##  ##       ##
     ######    ##  ########  ######   ########  #########  ######  ######
     ##        ##  ##    ##  ##       ##     ## ##     ##       ## ##
     ##       #### ##     ## ######## ########  ##     ##  ######  ########

You're about to initialize a Firebase project in this directory:

  C:\Users\DigitalpersonasR\Downloads\stay-booker-hotel-booking-react-frontend-master\stay-booker-hotel-booking-react-frontend-master

[info] 
=== Project Setup
[info] 
[info] First, let's associate this project directory with a Firebase project.
[info] You can create multiple project aliases by running firebase use --add, 
[info] but for now we'll just set up a default project.
[info] 
[debug] [2024-07-08T04:32:37.487Z] > refreshing access token with scopes: []
[debug] [2024-07-08T04:32:37.492Z] >>> [apiv2][query] POST https://www.googleapis.com/oauth2/v3/token [none]
[debug] [2024-07-08T04:32:37.492Z] >>> [apiv2][body] POST https://www.googleapis.com/oauth2/v3/token [omitted]
[debug] [2024-07-08T04:32:38.058Z] <<< [apiv2][status] POST https://www.googleapis.com/oauth2/v3/token 400
[debug] [2024-07-08T04:32:38.059Z] <<< [apiv2][body] POST https://www.googleapis.com/oauth2/v3/token [omitted]
[debug] [2024-07-08T04:32:38.060Z] >>> [apiv2][query] GET https://firebase.googleapis.com/v1beta1/projects pageSize=100
[debug] [2024-07-08T04:32:38.608Z] <<< [apiv2][status] GET https://firebase.googleapis.com/v1beta1/projects 401
[debug] [2024-07-08T04:32:38.608Z] <<< [apiv2][body] GET https://firebase.googleapis.com/v1beta1/projects [omitted]
[debug] [2024-07-08T04:32:38.609Z] HTTP Error: 401, Request had invalid authentication credentials. Expected OAuth 2 access token, login cookie or other valid authentication credential. See https://developers.google.com/identity/sign-in/web/devconsole-project.
[debug] [2024-07-08T04:32:38.872Z] FirebaseError: HTTP Error: 401, Request had invalid authentication credentials. Expected OAuth 2 access token, login cookie or other valid authentication credential. See https://developers.google.com/identity/sign-in/web/devconsole-project.
    at responseToError (C:\Users\DigitalpersonasR\AppData\Roaming\npm\node_modules\firebase-tools\lib\responseToError.js:49:12)
    at RetryOperation._fn (C:\Users\DigitalpersonasR\AppData\Roaming\npm\node_modules\firebase-tools\lib\apiv2.js:305:77)
    at process.processTicksAndRejections (node:internal/process/task_queues:95:5)
[error] 
[error] Error: Failed to list Firebase projects. See firebase-debug.log for more info.
